\BOOKMARK [0][-]{chapter*.1}{\376\377\122\115\212\000}{}% 1
\BOOKMARK [0][-]{chapter*.5}{\376\377\166\356\137\125}{}% 2
\BOOKMARK [0][-]{chapter.1}{\376\377\172\340\202\202\150\007\230\230}{}% 3
\BOOKMARK [1][-]{section*.6}{\376\377\137\025\212\000}{chapter.1}% 4
\BOOKMARK [1][-]{section.1.1}{\376\377\202\202\150\007\230\230}{chapter.1}% 5
\BOOKMARK [2][-]{subsection.1.1.1}{\376\377\134\017\202\202\150\007\230\230}{section.1.1}% 6
\BOOKMARK [1][-]{section.1.2}{\376\377\140\073\176\323}{chapter.1}% 7
\BOOKMARK [1][-]{section.1.3}{\376\377\116\140\230\230}{chapter.1}% 8
\BOOKMARK [0][-]{chapter.2}{\376\377\172\340\202\202\150\007\230\230}{}% 9
\BOOKMARK [1][-]{section.2.1}{\376\377\137\025\212\000}{chapter.2}% 10
\BOOKMARK [1][-]{section.2.2}{\376\377\202\202\150\007\230\230}{chapter.2}% 11
\BOOKMARK [2][-]{subsection.2.2.1}{\376\377\134\017\202\202\150\007\230\230}{section.2.2}% 12
\BOOKMARK [1][-]{section.2.3}{\376\377\140\073\176\323}{chapter.2}% 13
\BOOKMARK [1][-]{section.2.4}{\376\377\116\140\230\230}{chapter.2}% 14
\BOOKMARK [0][-]{chapter.3}{\376\377\172\340\202\202\150\007\230\230}{}% 15
\BOOKMARK [1][-]{section.3.1}{\376\377\137\025\212\000}{chapter.3}% 16
\BOOKMARK [1][-]{section.3.2}{\376\377\202\202\150\007\230\230}{chapter.3}% 17
\BOOKMARK [2][-]{subsection.3.2.1}{\376\377\134\017\202\202\150\007\230\230}{section.3.2}% 18
\BOOKMARK [1][-]{section.3.3}{\376\377\140\073\176\323}{chapter.3}% 19
\BOOKMARK [1][-]{section.3.4}{\376\377\116\140\230\230}{chapter.3}% 20
\BOOKMARK [0][-]{chapter.4}{\376\377\172\340\202\202\150\007\230\230}{}% 21
\BOOKMARK [1][-]{section.4.1}{\376\377\137\025\212\000}{chapter.4}% 22
\BOOKMARK [1][-]{section.4.2}{\376\377\202\202\150\007\230\230}{chapter.4}% 23
\BOOKMARK [2][-]{subsection.4.2.1}{\376\377\134\017\202\202\150\007\230\230}{section.4.2}% 24
\BOOKMARK [1][-]{section.4.3}{\376\377\140\073\176\323}{chapter.4}% 25
\BOOKMARK [1][-]{section.4.4}{\376\377\116\140\230\230}{chapter.4}% 26
\BOOKMARK [0][-]{chapter.5}{\376\377\172\340\202\202\150\007\230\230}{}% 27
\BOOKMARK [1][-]{section.5.1}{\376\377\137\025\212\000}{chapter.5}% 28
\BOOKMARK [1][-]{section.5.2}{\376\377\202\202\150\007\230\230}{chapter.5}% 29
\BOOKMARK [2][-]{subsection.5.2.1}{\376\377\134\017\202\202\150\007\230\230}{section.5.2}% 30
\BOOKMARK [1][-]{section.5.3}{\376\377\140\073\176\323}{chapter.5}% 31
\BOOKMARK [1][-]{section.5.4}{\376\377\116\140\230\230}{chapter.5}% 32
\BOOKMARK [0][-]{chapter.6}{\376\377\172\340\202\202\150\007\230\230}{}% 33
\BOOKMARK [1][-]{section.6.1}{\376\377\137\025\212\000}{chapter.6}% 34
\BOOKMARK [1][-]{section.6.2}{\376\377\202\202\150\007\230\230}{chapter.6}% 35
\BOOKMARK [2][-]{subsection.6.2.1}{\376\377\134\017\202\202\150\007\230\230}{section.6.2}% 36
\BOOKMARK [1][-]{section.6.3}{\376\377\140\073\176\323}{chapter.6}% 37
\BOOKMARK [1][-]{section.6.4}{\376\377\116\140\230\230}{chapter.6}% 38
\BOOKMARK [0][-]{chapter.7}{\376\377\172\340\202\202\150\007\230\230}{}% 39
\BOOKMARK [1][-]{section.7.1}{\376\377\137\025\212\000}{chapter.7}% 40
\BOOKMARK [1][-]{section.7.2}{\376\377\202\202\150\007\230\230}{chapter.7}% 41
\BOOKMARK [2][-]{subsection.7.2.1}{\376\377\134\017\202\202\150\007\230\230}{section.7.2}% 42
\BOOKMARK [1][-]{section.7.3}{\376\377\140\073\176\323}{chapter.7}% 43
\BOOKMARK [1][-]{section.7.4}{\376\377\116\140\230\230}{chapter.7}% 44
\BOOKMARK [0][-]{chapter.8}{\376\377\172\340\202\202\150\007\230\230}{}% 45
\BOOKMARK [1][-]{section.8.1}{\376\377\137\025\212\000}{chapter.8}% 46
\BOOKMARK [1][-]{section.8.2}{\376\377\202\202\150\007\230\230}{chapter.8}% 47
\BOOKMARK [2][-]{subsection.8.2.1}{\376\377\134\017\202\202\150\007\230\230}{section.8.2}% 48
\BOOKMARK [1][-]{section.8.3}{\376\377\140\073\176\323}{chapter.8}% 49
\BOOKMARK [1][-]{section.8.4}{\376\377\116\140\230\230}{chapter.8}% 50
\BOOKMARK [0][-]{chapter.9}{\376\377\172\340\202\202\150\007\230\230}{}% 51
\BOOKMARK [1][-]{section.9.1}{\376\377\137\025\212\000}{chapter.9}% 52
\BOOKMARK [1][-]{section.9.2}{\376\377\202\202\150\007\230\230}{chapter.9}% 53
\BOOKMARK [2][-]{subsection.9.2.1}{\376\377\134\017\202\202\150\007\230\230}{section.9.2}% 54
\BOOKMARK [1][-]{section.9.3}{\376\377\140\073\176\323}{chapter.9}% 55
\BOOKMARK [1][-]{section.9.4}{\376\377\116\140\230\230}{chapter.9}% 56
\BOOKMARK [0][-]{chapter.10}{\376\377\172\340\202\202\150\007\230\230}{}% 57
\BOOKMARK [1][-]{section.10.1}{\376\377\137\025\212\000}{chapter.10}% 58
\BOOKMARK [1][-]{section.10.2}{\376\377\202\202\150\007\230\230}{chapter.10}% 59
\BOOKMARK [2][-]{subsection.10.2.1}{\376\377\134\017\202\202\150\007\230\230}{section.10.2}% 60
\BOOKMARK [1][-]{section.10.3}{\376\377\140\073\176\323}{chapter.10}% 61
\BOOKMARK [1][-]{section.10.4}{\376\377\116\140\230\230}{chapter.10}% 62
\BOOKMARK [0][-]{chapter.11}{\376\377\172\340\202\202\150\007\230\230}{}% 63
\BOOKMARK [1][-]{section.11.1}{\376\377\137\025\212\000}{chapter.11}% 64
\BOOKMARK [1][-]{section.11.2}{\376\377\202\202\150\007\230\230}{chapter.11}% 65
\BOOKMARK [2][-]{subsection.11.2.1}{\376\377\134\017\202\202\150\007\230\230}{section.11.2}% 66
\BOOKMARK [1][-]{section.11.3}{\376\377\140\073\176\323}{chapter.11}% 67
\BOOKMARK [1][-]{section.11.4}{\376\377\116\140\230\230}{chapter.11}% 68
\BOOKMARK [0][-]{chapter.12}{\376\377\172\340\202\202\150\007\230\230}{}% 69
\BOOKMARK [1][-]{section.12.1}{\376\377\137\025\212\000}{chapter.12}% 70
\BOOKMARK [1][-]{section.12.2}{\376\377\202\202\150\007\230\230}{chapter.12}% 71
\BOOKMARK [2][-]{subsection.12.2.1}{\376\377\134\017\202\202\150\007\230\230}{section.12.2}% 72
\BOOKMARK [1][-]{section.12.3}{\376\377\140\073\176\323}{chapter.12}% 73
\BOOKMARK [1][-]{section.12.4}{\376\377\116\140\230\230}{chapter.12}% 74
\BOOKMARK [0][-]{chapter.13}{\376\377\172\340\202\202\150\007\230\230}{}% 75
\BOOKMARK [1][-]{section.13.1}{\376\377\137\025\212\000}{chapter.13}% 76
\BOOKMARK [1][-]{section.13.2}{\376\377\202\202\150\007\230\230}{chapter.13}% 77
\BOOKMARK [2][-]{subsection.13.2.1}{\376\377\134\017\202\202\150\007\230\230}{section.13.2}% 78
\BOOKMARK [1][-]{section.13.3}{\376\377\140\073\176\323}{chapter.13}% 79
\BOOKMARK [1][-]{section.13.4}{\376\377\116\140\230\230}{chapter.13}% 80
\BOOKMARK [0][-]{chapter.14}{\376\377\162\151\200\124\177\121\133\211\121\150}{}% 81
\BOOKMARK [1][-]{section.14.1}{\376\377\137\025\212\000}{chapter.14}% 82
\BOOKMARK [1][-]{section.14.2}{\376\377\162\151\200\124\177\121\133\211\121\150\151\202\217\360}{chapter.14}% 83
\BOOKMARK [2][-]{subsection.14.2.1}{\376\377\116\300\116\110\146\057\162\151\200\124\177\121\377\037}{section.14.2}% 84
\BOOKMARK [2][-]{subsection.14.2.2}{\376\377\162\151\200\124\177\121\133\211\121\150\116\213\116\366}{section.14.2}% 85
\BOOKMARK [2][-]{subsection.14.2.3}{\376\377\162\151\200\124\177\121\133\211\121\150\162\171\160\271}{section.14.2}% 86
\BOOKMARK [2][-]{subsection.14.2.4}{\376\377\162\151\200\124\177\121\133\211\121\150\117\123\174\373\176\323\147\204}{section.14.2}% 87
\BOOKMARK [2][-]{subsection.14.2.5}{\376\377\162\151\200\124\177\121\133\211\121\150\143\021\142\030}{section.14.2}% 88
\BOOKMARK [1][-]{section.14.3}{\376\377\224\210\133\371\162\151\200\124\177\121\166\204\162\171\133\232\145\073\121\373}{chapter.14}% 89
\BOOKMARK [2][-]{subsection.14.3.1}{\376\377\162\151\164\006\134\102\117\247\117\341\220\123\132\001\200\301}{section.14.3}% 90
\BOOKMARK [2][-]{subsection.14.3.2}{\376\377\174\373\176\337\176\247\126\372\116\366\201\006\137\061\140\047}{section.14.3}% 91
\BOOKMARK [2][-]{subsection.14.3.3}{\376\377\122\115\154\277\170\024\172\166}{section.14.3}% 92
\BOOKMARK [1][-]{section.14.4}{\376\377\162\151\200\124\177\121\177\121\176\334\123\117\213\256\133\211\121\150}{chapter.14}% 93
\BOOKMARK [2][-]{subsection.14.4.1}{\376\377\162\151\200\124\177\121\220\032\165\050\177\121\176\334\123\117\213\256\133\211\121\150}{section.14.4}% 94
\BOOKMARK [2][-]{subsection.14.4.2}{\376\377\162\151\200\124\177\121\116\023\165\050\177\121\176\334\123\117\213\256\133\211\121\150}{section.14.4}% 95
\BOOKMARK [2][-]{subsection.14.4.3}{\376\377\122\115\154\277\170\024\172\166}{section.14.4}% 96
\BOOKMARK [1][-]{section.14.5}{\376\377\162\151\200\124\177\121\213\276\131\007\166\204\213\244\213\301\116\016\143\210\147\103}{chapter.14}% 97
\BOOKMARK [2][-]{subsection.14.5.1}{\376\377\147\103\226\120\173\241\164\006\116\016\226\220\171\301\132\001\200\301}{section.14.5}% 98
\BOOKMARK [2][-]{subsection.14.5.2}{\376\377\165\050\142\067\116\016\213\276\131\007\213\244\213\301}{section.14.5}% 99
\BOOKMARK [2][-]{subsection.14.5.3}{\376\377\122\115\154\277\170\024\172\166}{section.14.5}% 100
\BOOKMARK [1][-]{section.14.6}{\376\377\162\151\200\124\177\121\226\220\171\301\117\335\142\244\142\200\147\057}{chapter.14}% 101
\BOOKMARK [2][-]{subsection.14.6.1}{\376\377\162\151\200\124\177\121\226\220\171\301\117\335\142\244\145\260\162\171\160\271}{section.14.6}% 102
\BOOKMARK [2][-]{subsection.14.6.2}{\376\377\162\151\200\124\177\121\226\220\171\301\145\160\143\156\122\006\174\173}{section.14.6}% 103
\BOOKMARK [2][-]{subsection.14.6.3}{\376\377\162\151\200\124\177\121\217\173\221\317\176\247\226\220\171\301\117\335\142\244\142\200\147\057}{section.14.6}% 104
\BOOKMARK [2][-]{subsection.14.6.4}{\376\377\122\115\154\277\170\024\172\166}{section.14.6}% 105
\BOOKMARK [1][-]{section.14.7}{\376\377\140\073\176\323}{chapter.14}% 106
\BOOKMARK [1][-]{section.14.8}{\376\377\116\140\230\230}{chapter.14}% 107
\BOOKMARK [0][-]{chapter.15}{\376\377\172\340\202\202\150\007\230\230}{}% 108
\BOOKMARK [1][-]{section.15.1}{\376\377\137\025\212\000}{chapter.15}% 109
\BOOKMARK [1][-]{section.15.2}{\376\377\202\202\150\007\230\230}{chapter.15}% 110
\BOOKMARK [2][-]{subsection.15.2.1}{\376\377\134\017\202\202\150\007\230\230}{section.15.2}% 111
\BOOKMARK [1][-]{section.15.3}{\376\377\140\073\176\323}{chapter.15}% 112
\BOOKMARK [1][-]{section.15.4}{\376\377\116\140\230\230}{chapter.15}% 113
\BOOKMARK [1][-]{Item.30}{\376\377\123\302\200\003\145\207\163\056}{chapter.15}% 114
